C:\Program Files\MySQL\MySQL Server 8.0\bin\mysqld.exe, Version: 8.0.17 (MySQL Community Server - GPL). started with:
TCP Port: 0, Named Pipe: (null)
Time                 Id Command    Argument
C:\Program Files\MySQL\MySQL Server 8.0\bin\mysqld.exe, Version: 8.0.17 (MySQL Community Server - GPL). started with:
TCP Port: 3306, Named Pipe: (null)
Time                 Id Command    Argument
C:\Program Files\MySQL\MySQL Server 8.0\bin\mysqld.exe, Version: 8.0.17 (MySQL Community Server - GPL). started with:
TCP Port: 3306, Named Pipe: (null)
Time                 Id Command    Argument
C:\Program Files\MySQL\MySQL Server 8.0\bin\mysqld.exe, Version: 8.0.17 (MySQL Community Server - GPL). started with:
TCP Port: 3306, Named Pipe: (null)
Time                 Id Command    Argument
C:\Program Files\MySQL\MySQL Server 8.0\bin\mysqld.exe, Version: 8.0.17 (MySQL Community Server - GPL). started with:
TCP Port: 3306, Named Pipe: (null)
Time                 Id Command    Argument
C:\Program Files\MySQL\MySQL Server 8.0\bin\mysqld.exe, Version: 8.0.17 (MySQL Community Server - GPL). started with:
TCP Port: 3306, Named Pipe: (null)
Time                 Id Command    Argument
C:\Program Files\MySQL\MySQL Server 8.0\bin\mysqld.exe, Version: 8.0.17 (MySQL Community Server - GPL). started with:
TCP Port: 3306, Named Pipe: (null)
Time                 Id Command    Argument
C:\Program Files\MySQL\MySQL Server 8.0\bin\mysqld.exe, Version: 8.0.17 (MySQL Community Server - GPL). started with:
TCP Port: 3306, Named Pipe: (null)
Time                 Id Command    Argument
C:\Program Files\MySQL\MySQL Server 8.0\bin\mysqld.exe, Version: 8.0.17 (MySQL Community Server - GPL). started with:
TCP Port: 3306, Named Pipe: (null)
Time                 Id Command    Argument
C:\Program Files\MySQL\MySQL Server 8.0\bin\mysqld.exe, Version: 8.0.18 (MySQL Community Server - GPL). started with:
TCP Port: 3306, Named Pipe: MySQL
Time                 Id Command    Argument
C:\Program Files\MySQL\MySQL Server 8.0\bin\mysqld.exe, Version: 8.0.18 (MySQL Community Server - GPL). started with:
TCP Port: 3306, Named Pipe: MySQL
Time                 Id Command    Argument
C:\Program Files\MySQL\MySQL Server 8.0\bin\mysqld.exe, Version: 8.0.18 (MySQL Community Server - GPL). started with:
TCP Port: 3306, Named Pipe: MySQL
Time                 Id Command    Argument
C:\Program Files\MySQL\MySQL Server 8.0\bin\mysqld.exe, Version: 8.0.18 (MySQL Community Server - GPL). started with:
TCP Port: 3306, Named Pipe: MySQL
Time                 Id Command    Argument
C:\Program Files\MySQL\MySQL Server 8.0\bin\mysqld.exe, Version: 8.0.18 (MySQL Community Server - GPL). started with:
TCP Port: 3306, Named Pipe: MySQL
Time                 Id Command    Argument
C:\Program Files\MySQL\MySQL Server 8.0\bin\mysqld.exe, Version: 8.0.18 (MySQL Community Server - GPL). started with:
TCP Port: 3306, Named Pipe: MySQL
Time                 Id Command    Argument
C:\Program Files\MySQL\MySQL Server 8.0\bin\mysqld.exe, Version: 8.0.18 (MySQL Community Server - GPL). started with:
TCP Port: 3306, Named Pipe: MySQL
Time                 Id Command    Argument
C:\Program Files\MySQL\MySQL Server 8.0\bin\mysqld.exe, Version: 8.0.18 (MySQL Community Server - GPL). started with:
TCP Port: 3306, Named Pipe: MySQL
Time                 Id Command    Argument
C:\Program Files\MySQL\MySQL Server 8.0\bin\mysqld.exe, Version: 8.0.18 (MySQL Community Server - GPL). started with:
TCP Port: 3306, Named Pipe: MySQL
Time                 Id Command    Argument
C:\Program Files\MySQL\MySQL Server 8.0\bin\mysqld.exe, Version: 8.0.18 (MySQL Community Server - GPL). started with:
TCP Port: 3306, Named Pipe: MySQL
Time                 Id Command    Argument
C:\Program Files\MySQL\MySQL Server 8.0\bin\mysqld.exe, Version: 8.0.18 (MySQL Community Server - GPL). started with:
TCP Port: 3306, Named Pipe: MySQL
Time                 Id Command    Argument
C:\Program Files\MySQL\MySQL Server 8.0\bin\mysqld.exe, Version: 8.0.18 (MySQL Community Server - GPL). started with:
TCP Port: 3306, Named Pipe: MySQL
Time                 Id Command    Argument
C:\Program Files\MySQL\MySQL Server 8.0\bin\mysqld.exe, Version: 8.0.18 (MySQL Community Server - GPL). started with:
TCP Port: 3306, Named Pipe: MySQL
Time                 Id Command    Argument
C:\Program Files\MySQL\MySQL Server 8.0\bin\mysqld.exe, Version: 8.0.18 (MySQL Community Server - GPL). started with:
TCP Port: 3306, Named Pipe: MySQL
Time                 Id Command    Argument
C:\Program Files\MySQL\MySQL Server 8.0\bin\mysqld.exe, Version: 8.0.18 (MySQL Community Server - GPL). started with:
TCP Port: 3306, Named Pipe: MySQL
Time                 Id Command    Argument
C:\Program Files\MySQL\MySQL Server 8.0\bin\mysqld.exe, Version: 8.0.18 (MySQL Community Server - GPL). started with:
TCP Port: 3306, Named Pipe: MySQL
Time                 Id Command    Argument
C:\Program Files\MySQL\MySQL Server 8.0\bin\mysqld.exe, Version: 8.0.18 (MySQL Community Server - GPL). started with:
TCP Port: 3306, Named Pipe: MySQL
Time                 Id Command    Argument
C:\Program Files\MySQL\MySQL Server 8.0\bin\mysqld.exe, Version: 8.0.18 (MySQL Community Server - GPL). started with:
TCP Port: 3306, Named Pipe: MySQL
Time                 Id Command    Argument
C:\Program Files\MySQL\MySQL Server 8.0\bin\mysqld.exe, Version: 8.0.18 (MySQL Community Server - GPL). started with:
TCP Port: 3306, Named Pipe: MySQL
Time                 Id Command    Argument
C:\Program Files\MySQL\MySQL Server 8.0\bin\mysqld.exe, Version: 8.0.18 (MySQL Community Server - GPL). started with:
TCP Port: 3306, Named Pipe: MySQL
Time                 Id Command    Argument
C:\Program Files\MySQL\MySQL Server 8.0\bin\mysqld.exe, Version: 8.0.18 (MySQL Community Server - GPL). started with:
TCP Port: 3306, Named Pipe: MySQL
Time                 Id Command    Argument
C:\Program Files\MySQL\MySQL Server 8.0\bin\mysqld.exe, Version: 8.0.18 (MySQL Community Server - GPL). started with:
TCP Port: 3306, Named Pipe: MySQL
Time                 Id Command    Argument
C:\Program Files\MySQL\MySQL Server 8.0\bin\mysqld.exe, Version: 8.0.18 (MySQL Community Server - GPL). started with:
TCP Port: 3306, Named Pipe: MySQL
Time                 Id Command    Argument
C:\Program Files\MySQL\MySQL Server 8.0\bin\mysqld.exe, Version: 8.0.18 (MySQL Community Server - GPL). started with:
TCP Port: 3306, Named Pipe: MySQL
Time                 Id Command    Argument
C:\Program Files\MySQL\MySQL Server 8.0\bin\mysqld.exe, Version: 8.0.18 (MySQL Community Server - GPL). started with:
TCP Port: 3306, Named Pipe: MySQL
Time                 Id Command    Argument
C:\Program Files\MySQL\MySQL Server 8.0\bin\mysqld.exe, Version: 8.0.18 (MySQL Community Server - GPL). started with:
TCP Port: 3306, Named Pipe: MySQL
Time                 Id Command    Argument
C:\Program Files\MySQL\MySQL Server 8.0\bin\mysqld.exe, Version: 8.0.18 (MySQL Community Server - GPL). started with:
TCP Port: 3306, Named Pipe: MySQL
Time                 Id Command    Argument
C:\Program Files\MySQL\MySQL Server 8.0\bin\mysqld.exe, Version: 8.0.18 (MySQL Community Server - GPL). started with:
TCP Port: 3306, Named Pipe: MySQL
Time                 Id Command    Argument
C:\Program Files\MySQL\MySQL Server 8.0\bin\mysqld.exe, Version: 8.0.18 (MySQL Community Server - GPL). started with:
TCP Port: 3306, Named Pipe: MySQL
Time                 Id Command    Argument
C:\Users\Robd9\OneDrive\Dev\Universime\MySQLDB\bin\mysqld, Version: 8.0.18 (MySQL Community Server - GPL). started with:
TCP Port: 3307, Named Pipe: MySQL
Time                 Id Command    Argument
C:\Users\Robd9\OneDrive\Dev\Universime\MySQLDB\bin\mysqld, Version: 8.0.18 (MySQL Community Server - GPL). started with:
TCP Port: 3307, Named Pipe: MySQL
Time                 Id Command    Argument
